\BOOKMARK [0][-]{chapter*.2}{\376\377\000L\000i\000s\000t\000\040\000o\000f\000\040\000F\000i\000g\000u\000r\000e\000s}{}% 1
\BOOKMARK [0][-]{chapter*.3}{\376\377\000A\000b\000b\000r\000e\000v\000i\000a\000t\000i\000o\000n\000s}{}% 2
\BOOKMARK [0][-]{chapter*.5}{\376\377\000A\000b\000s\000t\000r\000a\000c\000t}{}% 3
\BOOKMARK [0][-]{chapter.1}{\376\377\000I\000n\000t\000r\000o\000d\000u\000c\000t\000i\000o\000n}{}% 4
\BOOKMARK [1][-]{section.1.1}{\376\377\000O\000v\000e\000r\000v\000i\000e\000w}{chapter.1}% 5
\BOOKMARK [1][-]{section.1.2}{\376\377\000O\000b\000j\000e\000c\000t\000i\000v\000e}{chapter.1}% 6
\BOOKMARK [1][-]{section.1.3}{\376\377\000O\000u\000t\000l\000i\000n\000e}{chapter.1}% 7
\BOOKMARK [0][-]{chapter.2}{\376\377\000m\000o\000o}{}% 8
\BOOKMARK [1][-]{section.2.1}{\376\377\000I\000n\000t\000r\000o\000d\000u\000c\000t\000i\000o\000n}{chapter.2}% 9
\BOOKMARK [1][-]{section.2.2}{\376\377\000D\000i\000f\000f\000e\000r\000e\000n\000c\000e\000\040\000b\000e\000t\000w\000e\000e\000n\000\040\000m\000o\000o\000\040\000a\000n\000d\000\040\000s\000o\000o}{chapter.2}% 10
\BOOKMARK [1][-]{section.2.3}{\376\377\000O\000p\000t\000i\000s\000l\000a\000n\000g}{chapter.2}% 11
\BOOKMARK [1][-]{section.2.4}{\376\377\000M\000o\000d\000u\000l\000e\000s\000\040\000a\000n\000d\000\040\000W\000o\000r\000k\000f\000l\000o\000w\000s}{chapter.2}% 12
\BOOKMARK [2][-]{subsection.2.4.1}{\376\377\000M\000o\000d\000u\000l\000e\000s}{section.2.4}% 13
\BOOKMARK [2][-]{subsection.2.4.2}{\376\377\000W\000o\000r\000k\000f\000l\000o\000w\000s}{section.2.4}% 14
\BOOKMARK [1][-]{section.2.5}{\376\377\000C\000u\000r\000r\000e\000n\000t\000\040\000P\000r\000o\000b\000l\000e\000m}{chapter.2}% 15
\BOOKMARK [0][-]{chapter.3}{\376\377\000P\000r\000a\000c\000t\000i\000c\000a\000l\000\040\000A\000p\000p\000l\000i\000c\000a\000t\000i\000o\000n\000\040\000o\000f\000\040\000t\000h\000e\000\040\000T\000h\000e\000s\000i\000s}{}% 16
\BOOKMARK [1][-]{section.3.1}{\376\377\000D\000e\000v\000O\000p\000s}{chapter.3}% 17
\BOOKMARK [1][-]{section.3.2}{\376\377\000c\000i}{chapter.3}% 18
\BOOKMARK [1][-]{section.3.3}{\376\377\000C\000o\000d\000e\000\040\000Q\000u\000a\000l\000i\000t\000y}{chapter.3}% 19
\BOOKMARK [0][-]{chapter.4}{\376\377\000C\000r\000e\000a\000t\000i\000o\000n\000\040\000o\000f\000\040\000F\000r\000a\000m\000e\000w\000o\000r\000k}{}% 20
\BOOKMARK [1][-]{section.4.1}{\376\377\000I\000n\000t\000r\000o\000d\000u\000c\000t\000i\000o\000n}{chapter.4}% 21
\BOOKMARK [2][-]{subsection.4.1.1}{\376\377\000W\000h\000a\000t\000\040\000i\000s\000\040\000a\000\040\000F\000r\000a\000m\000e\000w\000o\000r\000k\000?}{section.4.1}% 22
\BOOKMARK [2][-]{subsection.4.1.2}{\376\377\000W\000h\000y\000\040\000i\000s\000\040\000a\000\040\000F\000r\000a\000m\000e\000w\000o\000r\000k\000\040\000u\000s\000e\000d\000?}{section.4.1}% 23
\BOOKMARK [2][-]{subsection.4.1.3}{\376\377\000L\000i\000b\000r\000a\000r\000i\000e\000s\000\040\000v\000s\000\040\000F\000r\000a\000m\000e\000w\000o\000r\000k\000s}{section.4.1}% 24
\BOOKMARK [1][-]{section.4.2}{\376\377\000O\000v\000e\000r\000v\000i\000e\000w\000\040\000o\000f\000\040\000t\000h\000e\000\040\000F\000r\000a\000m\000e\000w\000o\000r\000k}{chapter.4}% 25
\BOOKMARK [1][-]{section.4.3}{\376\377\000D\000i\000r\000e\000c\000t\000o\000r\000y\000\040\000S\000t\000r\000u\000c\000t\000u\000r\000e}{chapter.4}% 26
\BOOKMARK [1][-]{section.4.4}{\376\377\000I\000m\000p\000l\000e\000m\000e\000n\000t\000a\000t\000i\000o\000n\000\040\000o\000f\000\040\000t\000h\000e\000\040\000F\000r\000a\000m\000e\000w\000o\000r\000k}{chapter.4}% 27
\BOOKMARK [2][-]{subsection.4.4.1}{\376\377\000S\000o\000u\000r\000c\000e\000\040\000C\000o\000d\000e\000\040\000O\000v\000e\000r\000v\000i\000e\000w}{section.4.4}% 28
\BOOKMARK [1][-]{section.4.5}{\376\377\000T\000e\000s\000t\000i\000n\000g\000\040\000o\000f\000\040\000F\000r\000a\000m\000e\000w\000o\000r\000k}{chapter.4}% 29
\BOOKMARK [1][-]{section.4.6}{\376\377\000E\000x\000e\000c\000u\000t\000i\000o\000n\000\040\000o\000f\000\040\000F\000r\000a\000m\000e\000w\000o\000r\000k}{chapter.4}% 30
\BOOKMARK [1][-]{section.4.7}{\376\377\000R\000e\000t\000r\000i\000e\000v\000e\000\040\000i\000n\000p\000u\000t\000\040\000f\000i\000l\000e\000s\000\040\000f\000o\000r\000\040\000F\000r\000a\000m\000e\000w\000o\000r\000k}{chapter.4}% 31
\BOOKMARK [2][-]{subsection.4.7.1}{\376\377\000I\000n\000t\000r\000o\000d\000u\000c\000t\000i\000o\000n}{section.4.7}% 32
\BOOKMARK [2][-]{subsection.4.7.2}{\376\377\000D\000o\000c\000k\000e\000r}{section.4.7}% 33
\BOOKMARK [2][-]{subsection.4.7.3}{\376\377\000O\000p\000e\000n\000S\000h\000i\000f\000t}{section.4.7}% 34
\BOOKMARK [2][-]{subsection.4.7.4}{\376\377\000F\000a\000s\000t\000\040\000A\000P\000I}{section.4.7}% 35
\BOOKMARK [2][-]{subsection.4.7.5}{\376\377\000I\000m\000p\000l\000e\000m\000e\000n\000t\000a\000t\000i\000o\000n}{section.4.7}% 36
